[debug] [2026-02-28T17:18:35.957Z] ----------------------------------------------------------------------
[debug] [2026-02-28T17:18:35.959Z] Command:       C:\Program Files\nodejs\node.exe C:\Users\mohan\AppData\Roaming\npm\node_modules\firebase-tools\lib\bin\firebase.js init
[debug] [2026-02-28T17:18:35.959Z] CLI Version:   15.8.0
[debug] [2026-02-28T17:18:35.959Z] Platform:      win32
[debug] [2026-02-28T17:18:35.959Z] Node Version:  v24.13.1
[debug] [2026-02-28T17:18:35.959Z] Time:          Sat Feb 28 2026 22:48:35 GMT+0530 (India Standard Time)
[debug] [2026-02-28T17:18:35.959Z] ----------------------------------------------------------------------
[debug] 
[info] 
     ######## #### ########  ######## ########     ###     ######  ########
     ##        ##  ##     ## ##       ##     ##  ##   ##  ##       ##
     ######    ##  ########  ######   ########  #########  ######  ######
     ##        ##  ##    ##  ##       ##     ## ##     ##       ## ##
     ##       #### ##     ## ######## ########  ##     ##  ######  ########

You're about to initialize a Firebase project in this directory:

  E:\EduTutor AI

Before we get started, keep in mind:

  * You are initializing within an existing Firebase project directory

[info] 
=== Project Setup
[info] 
[info] First, let's associate this project directory with a Firebase project.
[info] You can create multiple project aliases by running firebase use --add, 
[info] 
[debug] [2026-02-28T17:18:42.116Z] > command requires scopes: ["email","openid","https://www.googleapis.com/auth/cloudplatformprojects.readonly","https://www.googleapis.com/auth/firebase","https://www.googleapis.com/auth/cloud-platform"]
[debug] [2026-02-28T17:18:42.117Z] > authorizing via signed-in user (thecyberanalyst088@gmail.com)
[debug] [2026-02-28T17:18:42.118Z] Checked if tokens are valid: true, expires at: 1772301124060
[debug] [2026-02-28T17:18:42.118Z] Checked if tokens are valid: true, expires at: 1772301124060
[debug] [2026-02-28T17:18:42.119Z] >>> [apiv2][query] GET https://firebase.googleapis.com/v1beta1/projects/edututor-ai-542ab [none]
[debug] [2026-02-28T17:18:42.892Z] <<< [apiv2][status] GET https://firebase.googleapis.com/v1beta1/projects/edututor-ai-542ab 200
[debug] [2026-02-28T17:18:42.892Z] <<< [apiv2][body] GET https://firebase.googleapis.com/v1beta1/projects/edututor-ai-542ab {"projectId":"edututor-ai-542ab","projectNumber":"894514028954","displayName":"Edututor-AI","name":"projects/edututor-ai-542ab","resources":{"hostingSite":"edututor-ai-542ab"},"state":"ACTIVE","etag":"1_11d2f510-f84a-480b-af17-ee02940ec18a"}
[info] i  Using project edututor-ai-542ab (Edututor-AI) . 
[info] 
=== Dataconnect Setup
[info] i  dataconnect: ensuring required API firebasedataconnect.googleapis.com is enabled... 
[info] i  dataconnect: ensuring required API sqladmin.googleapis.com is enabled... 
[debug] [2026-02-28T17:18:42.910Z] Checked if tokens are valid: true, expires at: 1772301124060
[debug] [2026-02-28T17:18:42.910Z] Checked if tokens are valid: true, expires at: 1772301124060
[debug] [2026-02-28T17:18:42.910Z] >>> [apiv2][query] GET https://firebasedataconnect.googleapis.com/v1/projects/edututor-ai-542ab/locations/-/services [none]
[debug] [2026-02-28T17:18:45.026Z] <<< [apiv2][status] GET https://firebasedataconnect.googleapis.com/v1/projects/edututor-ai-542ab/locations/-/services 200
[debug] [2026-02-28T17:18:45.026Z] <<< [apiv2][body] GET https://firebasedataconnect.googleapis.com/v1/projects/edututor-ai-542ab/locations/-/services {"services":[{"name":"projects/edututor-ai-542ab/locations/us-east4/services/edututorai","createTime":"2026-02-28T17:03:55.459913384Z","updateTime":"2026-02-28T17:05:03.034839694Z","uid":"f13f14c5-de4d-4d58-acd6-ada66e05e8b1","reconciling":false,"etag":"GjFGeQBvhVAGFzVzI2BZCvNJ8AvQkAt9aOh3JymxOr8"}]}
[debug] [2026-02-28T17:18:49.704Z] Checked if tokens are valid: true, expires at: 1772301124060
[debug] [2026-02-28T17:18:49.704Z] Checked if tokens are valid: true, expires at: 1772301124060
[debug] [2026-02-28T17:18:49.705Z] >>> [apiv2][query] GET https://firebasedataconnect.googleapis.com/v1/projects/edututor-ai-542ab/locations/us-east4/services/edututorai/schemas pageSize=100&pageToken=&fields=schemas.name%2Cschemas.datasources%2Cschemas.source
[debug] [2026-02-28T17:18:51.353Z] <<< [apiv2][status] GET https://firebasedataconnect.googleapis.com/v1/projects/edututor-ai-542ab/locations/us-east4/services/edututorai/schemas 200
[debug] [2026-02-28T17:18:51.353Z] <<< [apiv2][body] GET https://firebasedataconnect.googleapis.com/v1/projects/edututor-ai-542ab/locations/us-east4/services/edututorai/schemas {"schemas":[{"name":"projects/edututor-ai-542ab/locations/us-east4/services/edututorai/schemas/main","source":{"files":[{"path":"schema.gql","content":"type User @table {\n  displayName: String!\n  createdAt: Timestamp!\n  email: String\n  photoUrl: String\n}\n\ntype Question @table {\n  user: User!\n  text: String!\n  createdAt: Timestamp!\n  subject: Subject!\n  complexity: ComplexityType!\n  answer: String\n}\n\ntype Subject @table {\n  name: String!\n  description: String\n}\n\ntype ComplexityType @table {\n  levelName: String!\n  description: String\n}\n\ntype Feedback @table {\n  user: User!\n  question: Question!\n  type: String!\n  rating: Int!\n  comment: String\n}"}]},"datasources":[{"postgresql":{"ephemeral":true}}]}]}
[debug] [2026-02-28T17:18:51.354Z] Checked if tokens are valid: true, expires at: 1772301124060
[debug] [2026-02-28T17:18:51.355Z] Checked if tokens are valid: true, expires at: 1772301124060
[debug] [2026-02-28T17:18:51.355Z] >>> [apiv2][query] GET https://firebasedataconnect.googleapis.com/v1/projects/edututor-ai-542ab/locations/us-east4/services/edututorai/connectors pageSize=100&pageToken=&fields=connectors.name%2Cconnectors.source.files
[debug] [2026-02-28T17:18:51.697Z] <<< [apiv2][status] GET https://firebasedataconnect.googleapis.com/v1/projects/edututor-ai-542ab/locations/us-east4/services/edututorai/connectors 200
[debug] [2026-02-28T17:18:51.697Z] <<< [apiv2][body] GET https://firebasedataconnect.googleapis.com/v1/projects/edututor-ai-542ab/locations/us-east4/services/edututorai/connectors {}
[debug] [2026-02-28T17:18:51.699Z] Checked if tokens are valid: true, expires at: 1772301124060
[debug] [2026-02-28T17:18:51.699Z] Checked if tokens are valid: true, expires at: 1772301124060
[debug] [2026-02-28T17:18:51.699Z] >>> [apiv2][query] GET https://cloudbilling.googleapis.com/v1/projects/edututor-ai-542ab/billingInfo [none]
[debug] [2026-02-28T17:18:53.326Z] <<< [apiv2][status] GET https://cloudbilling.googleapis.com/v1/projects/edututor-ai-542ab/billingInfo 200
[debug] [2026-02-28T17:18:53.326Z] <<< [apiv2][body] GET https://cloudbilling.googleapis.com/v1/projects/edututor-ai-542ab/billingInfo {"name":"projects/edututor-ai-542ab/billingInfo","projectId":"edututor-ai-542ab","billingAccountName":"","billingEnabled":false}
[debug] [2026-02-28T17:18:53.327Z] Checked if tokens are valid: true, expires at: 1772301124060
[debug] [2026-02-28T17:18:53.327Z] Checked if tokens are valid: true, expires at: 1772301124060
[debug] [2026-02-28T17:18:53.327Z] >>> [apiv2][query] GET https://monitoring.googleapis.com/v3/projects/edututor-ai-542ab/timeSeries/ filter=metric.type%3D%22serviceruntime.googleapis.com%2Fquota%2Fallocation%2Fusage%22+AND+metric.label.quota_metric+%3D+%22sqladmin.googleapis.com%2Ffdc_lifetime_free_trial_per_project%22&interval.endTime=2026-02-28T17%3A18%3A53.326Z&interval.startTime=2026-02-21T17%3A18%3A53.326Z
[debug] [2026-02-28T17:18:56.289Z] <<< [apiv2][status] GET https://monitoring.googleapis.com/v3/projects/edututor-ai-542ab/timeSeries/ 200
[debug] [2026-02-28T17:18:56.290Z] <<< [apiv2][body] GET https://monitoring.googleapis.com/v3/projects/edututor-ai-542ab/timeSeries/ {"unit":"1"}
[info] +  dataconnect: Detected existing apps . (web), frontend (web) 
[info] +  Wrote dataconnect\dataconnect.yaml 
[info] i  dataconnect\schema\schema.gql is unchanged 
[info] +  Wrote dataconnect\example\connector.yaml 
[info] +  Wrote dataconnect\example\connector.yaml 
[info] i  dataconnect: Installing the generated SDKs ... 
[info] i  dataconnect: downloading dataconnect-emulator-3.2.0.exe... {"metadata":{"emulator":{"name":"dataconnect"},"message":"downloading dataconnect-emulator-3.2.0.exe..."}}
[debug] [2026-02-28T17:19:09.363Z] >>> [apiv2][query] GET https://storage.googleapis.com/firemat-preview-drop/emulator/dataconnect-emulator-windows-amd64-v3.2.0 
[debug] [2026-02-28T17:19:10.223Z] <<< [apiv2][status] GET https://storage.googleapis.com/firemat-preview-drop/emulator/dataconnect-emulator-windows-amd64-v3.2.0 200
[debug] [2026-02-28T17:19:10.223Z] <<< [apiv2][body] GET https://storage.googleapis.com/firemat-preview-drop/emulator/dataconnect-emulator-windows-amd64-v3.2.0 [stream]
[debug] [2026-02-28T17:19:19.296Z] defaultcredentials: writing to file C:\Users\mohan\AppData\Roaming\firebase\thecyberanalyst088_gmail_com_application_default_credentials.json
[error] !!  dataconnect: Failed to generate Data Connect SDKs
Command failed with exit code 1 
[info] +  dataconnect: Installed generated SDKs for . (web) 
[info] 
=== Firestore Setup
[info] i  firestore: ensuring required API firestore.googleapis.com is enabled... 
[debug] [2026-02-28T17:19:21.148Z] Checked if tokens are valid: true, expires at: 1772301124060
[debug] [2026-02-28T17:19:21.148Z] Checked if tokens are valid: true, expires at: 1772301124060
[debug] [2026-02-28T17:19:21.148Z] >>> [apiv2][query] GET https://firestore.googleapis.com/v1/projects/edututor-ai-542ab/databases [none]
[debug] [2026-02-28T17:19:22.302Z] <<< [apiv2][status] GET https://firestore.googleapis.com/v1/projects/edututor-ai-542ab/databases 200
[debug] [2026-02-28T17:19:22.302Z] <<< [apiv2][body] GET https://firestore.googleapis.com/v1/projects/edututor-ai-542ab/databases {"databases":[{"name":"projects/edututor-ai-542ab/databases/(default)","uid":"fc9d3f1e-d962-4e04-bf96-74ce74700e1b","createTime":"2026-02-28T17:13:12.716968Z","updateTime":"2026-02-28T17:13:12.716968Z","locationId":"nam5","type":"FIRESTORE_NATIVE","concurrencyMode":"PESSIMISTIC","versionRetentionPeriod":"3600s","earliestVersionTime":"2026-02-28T17:13:12.716968Z","appEngineIntegrationMode":"DISABLED","keyPrefix":"s","pointInTimeRecoveryEnablement":"POINT_IN_TIME_RECOVERY_DISABLED","deleteProtectionState":"DELETE_PROTECTION_DISABLED","databaseEdition":"STANDARD","freeTier":true,"realtimeUpdatesMode":"REALTIME_UPDATES_MODE_ENABLED","etag":"IKOV0PDY/JIDMMnsh8XX/JID"}]}
[info] 
[info] Firestore Security Rules allow you to define how and when to allow
[info] requests. You can keep these rules in your project directory
[info] and publish them with firebase deploy.
[info] 
[debug] [2026-02-28T17:19:22.305Z] Checked if tokens are valid: true, expires at: 1772301124060
[debug] [2026-02-28T17:19:22.305Z] Checked if tokens are valid: true, expires at: 1772301124060
[debug] [2026-02-28T17:19:22.305Z] >>> [apiv2][query] GET https://firebaserules.googleapis.com/v1/projects/edututor-ai-542ab/releases pageSize=10&pageToken=
[debug] [2026-02-28T17:19:24.044Z] <<< [apiv2][status] GET https://firebaserules.googleapis.com/v1/projects/edututor-ai-542ab/releases 200
[debug] [2026-02-28T17:19:24.044Z] <<< [apiv2][body] GET https://firebaserules.googleapis.com/v1/projects/edututor-ai-542ab/releases {"releases":[{"name":"projects/edututor-ai-542ab/releases/cloud.firestore","rulesetName":"projects/edututor-ai-542ab/rulesets/c3bd0f1c-3599-436b-8cc0-c1397fb3815f","createTime":"2026-02-28T17:13:25.633573Z","updateTime":"2026-02-28T17:15:20.929347Z"}]}
[debug] [2026-02-28T17:19:24.045Z] Checked if tokens are valid: true, expires at: 1772301124060
[debug] [2026-02-28T17:19:24.045Z] Checked if tokens are valid: true, expires at: 1772301124060
[debug] [2026-02-28T17:19:24.045Z] >>> [apiv2][query] GET https://firebaserules.googleapis.com/v1/projects/edututor-ai-542ab/rulesets/c3bd0f1c-3599-436b-8cc0-c1397fb3815f [none]
[debug] [2026-02-28T17:19:25.374Z] <<< [apiv2][status] GET https://firebaserules.googleapis.com/v1/projects/edututor-ai-542ab/rulesets/c3bd0f1c-3599-436b-8cc0-c1397fb3815f 200
[debug] [2026-02-28T17:19:25.375Z] <<< [apiv2][body] GET https://firebaserules.googleapis.com/v1/projects/edututor-ai-542ab/rulesets/c3bd0f1c-3599-436b-8cc0-c1397fb3815f [omitted]
[info] i  Downloaded the existing Firestore Security Rules from the Firebase console 
[info] i  firestore.rules is unchanged 
[info] 
[info] Firestore indexes allow you to perform complex queries while
[info] maintaining performance that scales with the size of the result
[info] set. You can keep index definitions in your project directory
[info] and publish them with firebase deploy.
[info] 
[debug] [2026-02-28T17:19:25.380Z] Checked if tokens are valid: true, expires at: 1772301124060
[debug] [2026-02-28T17:19:25.380Z] Checked if tokens are valid: true, expires at: 1772301124060
[debug] [2026-02-28T17:19:25.380Z] Checked if tokens are valid: true, expires at: 1772301124060
[debug] [2026-02-28T17:19:25.380Z] Checked if tokens are valid: true, expires at: 1772301124060
[debug] [2026-02-28T17:19:25.380Z] >>> [apiv2][query] GET https://firestore.googleapis.com/v1/projects/edututor-ai-542ab/databases/(default)/collectionGroups/-/indexes [none]
[debug] [2026-02-28T17:19:25.381Z] >>> [apiv2][query] GET https://firestore.googleapis.com/v1/projects/edututor-ai-542ab/databases/(default)/collectionGroups/-/fields?filter=indexConfig.usesAncestorConfig=false OR ttlConfig:* [none]
[debug] [2026-02-28T17:19:26.914Z] <<< [apiv2][status] GET https://firestore.googleapis.com/v1/projects/edututor-ai-542ab/databases/(default)/collectionGroups/-/indexes 200
[debug] [2026-02-28T17:19:26.914Z] <<< [apiv2][body] GET https://firestore.googleapis.com/v1/projects/edututor-ai-542ab/databases/(default)/collectionGroups/-/indexes {}
[debug] [2026-02-28T17:19:27.130Z] <<< [apiv2][status] GET https://firestore.googleapis.com/v1/projects/edututor-ai-542ab/databases/(default)/collectionGroups/-/fields?filter=indexConfig.usesAncestorConfig=false OR ttlConfig:* 200
[debug] [2026-02-28T17:19:27.130Z] <<< [apiv2][body] GET https://firestore.googleapis.com/v1/projects/edututor-ai-542ab/databases/(default)/collectionGroups/-/fields?filter=indexConfig.usesAncestorConfig=false OR ttlConfig:* {"fields":[{"name":"projects/edututor-ai-542ab/databases/(default)/collectionGroups/__default__/fields/*","indexConfig":{"indexes":[{"queryScope":"COLLECTION","fields":[{"fieldPath":"*","order":"ASCENDING"}],"state":"READY"},{"queryScope":"COLLECTION","fields":[{"fieldPath":"*","order":"DESCENDING"}],"state":"READY"},{"queryScope":"COLLECTION","fields":[{"fieldPath":"*","arrayConfig":"CONTAINS"}],"state":"READY"}]}}]}
[info] i  Downloaded the existing Firestore indexes from the Firebase console 
[info] +  Wrote firestore.indexes.json 
[info] 
=== Genkit Setup
[debug] [2026-02-28T17:19:43.456Z] > command requires scopes: ["email","openid","https://www.googleapis.com/auth/cloudplatformprojects.readonly","https://www.googleapis.com/auth/firebase","https://www.googleapis.com/auth/cloud-platform"]
[debug] [2026-02-28T17:19:43.456Z] > authorizing via signed-in user (thecyberanalyst088@gmail.com)
[debug] [2026-02-28T17:19:43.456Z] [iam] checking project edututor-ai-542ab for permissions ["firebase.projects.get"]
[debug] [2026-02-28T17:19:43.457Z] Checked if tokens are valid: true, expires at: 1772301124060
[debug] [2026-02-28T17:19:43.457Z] Checked if tokens are valid: true, expires at: 1772301124060
[debug] [2026-02-28T17:19:43.457Z] >>> [apiv2][query] POST https://cloudresourcemanager.googleapis.com/v1/projects/edututor-ai-542ab:testIamPermissions [none]
[debug] [2026-02-28T17:19:43.457Z] >>> [apiv2][(partial)header] POST https://cloudresourcemanager.googleapis.com/v1/projects/edututor-ai-542ab:testIamPermissions  x-goog-user-project=edututor-ai-542ab
[debug] [2026-02-28T17:19:43.457Z] >>> [apiv2][body] POST https://cloudresourcemanager.googleapis.com/v1/projects/edututor-ai-542ab:testIamPermissions {"permissions":["firebase.projects.get"]}
[debug] [2026-02-28T17:19:45.136Z] <<< [apiv2][status] POST https://cloudresourcemanager.googleapis.com/v1/projects/edututor-ai-542ab:testIamPermissions 200
[debug] [2026-02-28T17:19:45.136Z] <<< [apiv2][body] POST https://cloudresourcemanager.googleapis.com/v1/projects/edututor-ai-542ab:testIamPermissions {"permissions":["firebase.projects.get"]}
[debug] [2026-02-28T17:19:45.137Z] Checked if tokens are valid: true, expires at: 1772301124060
[debug] [2026-02-28T17:19:45.137Z] Checked if tokens are valid: true, expires at: 1772301124060
[debug] [2026-02-28T17:19:45.138Z] Checked if tokens are valid: true, expires at: 1772301124060
[debug] [2026-02-28T17:19:45.138Z] Checked if tokens are valid: true, expires at: 1772301124060
[debug] [2026-02-28T17:19:45.138Z] >>> [apiv2][query] GET https://serviceusage.googleapis.com/v1/projects/edututor-ai-542ab/services/cloudfunctions.googleapis.com [none]
[debug] [2026-02-28T17:19:45.138Z] >>> [apiv2][(partial)header] GET https://serviceusage.googleapis.com/v1/projects/edututor-ai-542ab/services/cloudfunctions.googleapis.com  x-goog-user-project=edututor-ai-542ab
[debug] [2026-02-28T17:19:45.139Z] >>> [apiv2][query] GET https://serviceusage.googleapis.com/v1/projects/edututor-ai-542ab/services/runtimeconfig.googleapis.com [none]
[debug] [2026-02-28T17:19:45.139Z] >>> [apiv2][(partial)header] GET https://serviceusage.googleapis.com/v1/projects/edututor-ai-542ab/services/runtimeconfig.googleapis.com  x-goog-user-project=edututor-ai-542ab
[debug] [2026-02-28T17:19:47.086Z] <<< [apiv2][status] GET https://serviceusage.googleapis.com/v1/projects/edututor-ai-542ab/services/runtimeconfig.googleapis.com 200
[debug] [2026-02-28T17:19:47.087Z] <<< [apiv2][body] GET https://serviceusage.googleapis.com/v1/projects/edututor-ai-542ab/services/runtimeconfig.googleapis.com [omitted]
[debug] [2026-02-28T17:19:47.097Z] <<< [apiv2][status] GET https://serviceusage.googleapis.com/v1/projects/edututor-ai-542ab/services/cloudfunctions.googleapis.com 200
[debug] [2026-02-28T17:19:47.097Z] <<< [apiv2][body] GET https://serviceusage.googleapis.com/v1/projects/edututor-ai-542ab/services/cloudfunctions.googleapis.com [omitted]
[debug] [2026-02-28T17:19:47.098Z] Checked if tokens are valid: true, expires at: 1772301124060
[debug] [2026-02-28T17:19:47.098Z] Checked if tokens are valid: true, expires at: 1772301124060
[debug] [2026-02-28T17:19:47.098Z] >>> [apiv2][query] POST https://serviceusage.googleapis.com/v1/projects/edututor-ai-542ab/services/cloudfunctions.googleapis.com:enable [none]
[debug] [2026-02-28T17:19:47.098Z] >>> [apiv2][(partial)header] POST https://serviceusage.googleapis.com/v1/projects/edututor-ai-542ab/services/cloudfunctions.googleapis.com:enable  x-goog-user-project=edututor-ai-542ab
[debug] [2026-02-28T17:19:47.694Z] <<< [apiv2][status] POST https://serviceusage.googleapis.com/v1/projects/edututor-ai-542ab/services/cloudfunctions.googleapis.com:enable 200
[debug] [2026-02-28T17:19:47.694Z] <<< [apiv2][body] POST https://serviceusage.googleapis.com/v1/projects/edututor-ai-542ab/services/cloudfunctions.googleapis.com:enable [omitted]
[info] Let's create a new codebase for your functions.
[info] A directory corresponding to the codebase will be created in your project
[info] with sample code pre-configured.

[info] See https://firebase.google.com/docs/functions/organize-functions for
[info] more information on organizing your functions using codebases.

[info] Functions can be deployed with firebase deploy.

[info] +  Wrote functions/.eslintrc.js 
[info] +  Wrote functions/tsconfig.dev.json 
[info] +  Wrote functions/package.json 
[info] +  Wrote functions/tsconfig.json 
[info] +  Wrote functions/src/index.ts 
[info] +  Wrote functions/.gitignore 
[info] 
[info] i  genkit: Installing Genkit CLI version 1.29.0
 
[info] i  aiplatform: ensuring required API aiplatform.googleapis.com is enabled... 
[debug] [2026-02-28T17:21:59.897Z] Checked if tokens are valid: true, expires at: 1772301124060
[debug] [2026-02-28T17:21:59.897Z] Checked if tokens are valid: true, expires at: 1772301124060
[debug] [2026-02-28T17:21:59.897Z] >>> [apiv2][query] GET https://serviceusage.googleapis.com/v1/projects/edututor-ai-542ab/services/aiplatform.googleapis.com [none]
[debug] [2026-02-28T17:21:59.897Z] >>> [apiv2][(partial)header] GET https://serviceusage.googleapis.com/v1/projects/edututor-ai-542ab/services/aiplatform.googleapis.com  x-goog-user-project=edututor-ai-542ab
[debug] [2026-02-28T17:22:03.385Z] <<< [apiv2][status] GET https://serviceusage.googleapis.com/v1/projects/edututor-ai-542ab/services/aiplatform.googleapis.com 200
[debug] [2026-02-28T17:22:03.385Z] <<< [apiv2][body] GET https://serviceusage.googleapis.com/v1/projects/edututor-ai-542ab/services/aiplatform.googleapis.com [omitted]
[warn] !  aiplatform: missing required API aiplatform.googleapis.com. Enabling now... 
[debug] [2026-02-28T17:22:03.386Z] Checked if tokens are valid: true, expires at: 1772301124060
[debug] [2026-02-28T17:22:03.386Z] Checked if tokens are valid: true, expires at: 1772301124060
[debug] [2026-02-28T17:22:03.386Z] >>> [apiv2][query] POST https://serviceusage.googleapis.com/v1/projects/edututor-ai-542ab/services/aiplatform.googleapis.com:enable [none]
[debug] [2026-02-28T17:22:03.386Z] >>> [apiv2][(partial)header] POST https://serviceusage.googleapis.com/v1/projects/edututor-ai-542ab/services/aiplatform.googleapis.com:enable  x-goog-user-project=edututor-ai-542ab
[debug] [2026-02-28T17:22:04.095Z] <<< [apiv2][status] POST https://serviceusage.googleapis.com/v1/projects/edututor-ai-542ab/services/aiplatform.googleapis.com:enable 200
[debug] [2026-02-28T17:22:04.095Z] <<< [apiv2][body] POST https://serviceusage.googleapis.com/v1/projects/edututor-ai-542ab/services/aiplatform.googleapis.com:enable [omitted]
[info] i  genkit: Installing NPM packages for genkit 
[info] +  genkit: Successfully installed NPM packages 
[info] i  genkit: Updating tsconfig.json 
[info] +  genkit: Successfully updated tsconfig.json 
[info] i  genkit: Updating package.json 
[info] +  genkit: Successfully updated package.json 
[info] Telemetry data can be used to monitor and gain insights into your AI features. There may be a cost associated with using this feature. See https://firebase.google.com/docs/genkit/observability/telemetry-collection.
[info] i  genkit: Generating sample file 
[info] +  genkit: Successfully generated sample file (src/genkit-sample.ts) 
[info] 
[info] 
Login to Google Cloud using:
[info]     gcloud auth application-default login --project edututor-ai-542ab

[info] Then start the Genkit developer experience by running:
[info]     cd functions && npm run genkit:start
[info] 
=== Functions Setup
[debug] [2026-02-28T17:23:21.811Z] > command requires scopes: ["email","openid","https://www.googleapis.com/auth/cloudplatformprojects.readonly","https://www.googleapis.com/auth/firebase","https://www.googleapis.com/auth/cloud-platform"]
[debug] [2026-02-28T17:23:21.811Z] > authorizing via signed-in user (thecyberanalyst088@gmail.com)
[debug] [2026-02-28T17:23:21.812Z] [iam] checking project edututor-ai-542ab for permissions ["firebase.projects.get"]
[debug] [2026-02-28T17:23:21.812Z] Checked if tokens are valid: true, expires at: 1772301124060
[debug] [2026-02-28T17:23:21.812Z] Checked if tokens are valid: true, expires at: 1772301124060
[debug] [2026-02-28T17:23:21.813Z] >>> [apiv2][query] POST https://cloudresourcemanager.googleapis.com/v1/projects/edututor-ai-542ab:testIamPermissions [none]
[debug] [2026-02-28T17:23:21.813Z] >>> [apiv2][(partial)header] POST https://cloudresourcemanager.googleapis.com/v1/projects/edututor-ai-542ab:testIamPermissions  x-goog-user-project=edututor-ai-542ab
[debug] [2026-02-28T17:23:21.813Z] >>> [apiv2][body] POST https://cloudresourcemanager.googleapis.com/v1/projects/edututor-ai-542ab:testIamPermissions {"permissions":["firebase.projects.get"]}
[debug] [2026-02-28T17:23:23.455Z] <<< [apiv2][status] POST https://cloudresourcemanager.googleapis.com/v1/projects/edututor-ai-542ab:testIamPermissions 200
[debug] [2026-02-28T17:23:23.455Z] <<< [apiv2][body] POST https://cloudresourcemanager.googleapis.com/v1/projects/edututor-ai-542ab:testIamPermissions {"permissions":["firebase.projects.get"]}
[info] 
Detected existing codebase(s): default

[info] Let's create a new codebase for your functions.
[info] A directory corresponding to the codebase will be created in your project
[info] with sample code pre-configured.

[info] See https://firebase.google.com/docs/functions/organize-functions for
[info] more information on organizing your functions using codebases.

[info] Functions can be deployed with firebase deploy.

[error] Invalid codebase name. Codebase must be less than 64 characters and can contain only lowercase letters, numeric characters, underscores, and dashes.
[info] +  Wrote firebase/requirements.txt 
[info] +  Wrote firebase/.gitignore 
[info] +  Wrote firebase/main.py 
[debug] [2026-02-28T17:24:14.282Z] Running command with virtualenv: command="E:\EduTutor AI\firebase\venv\Scripts\activate.bat", args=["","&&","pip3","install","--upgrade","pip"]
[debug] [2026-02-28T17:24:19.870Z] Error: spawn "E:\EduTutor AI\firebase\venv\Scripts\activate.bat" ENOENT
    at notFoundError (C:\Users\mohan\AppData\Roaming\npm\node_modules\firebase-tools\node_modules\cross-spawn\lib\enoent.js:6:26)
    at verifyENOENT (C:\Users\mohan\AppData\Roaming\npm\node_modules\firebase-tools\node_modules\cross-spawn\lib\enoent.js:40:16)
    at cp.emit (C:\Users\mohan\AppData\Roaming\npm\node_modules\firebase-tools\node_modules\cross-spawn\lib\enoent.js:27:25)
    at ChildProcess._handle.onexit (node:internal/child_process:294:12)
[error] 
[error] Error: An unexpected error has occurred.
